2024-10-14 20:56:08 [[31merror[39m]: undefined Expected double-quoted property name in JSON at position 124
2024-10-14 20:58:01 [[31merror[39m]: undefined this.userServices.getUserByEmail is not a function
2024-10-15 01:45:27 [[31merror[39m]: undefined this.userServices.getUserByEmail is not a function
2024-10-15 01:49:24 [[31merror[39m]: undefined this.userServices.getUserByEmail is not a function
2024-10-15 01:50:38 [[31merror[39m]: undefined this.userServices.getUserByEmail is not a function
2024-10-15 02:13:37 [[31merror[39m]: undefined Expected "payload" to be a plain object.
2024-10-15 02:16:18 [[31merror[39m]: undefined Expected "payload" to be a plain object.
2024-10-15 02:51:15 [[31merror[39m]: [GET] api/mocks/mockingusers Users validation failed: password: Path `password` is required., email: Path `email` is required., last_name: Path `last_name` is required., first_name: Path `first_name` is required.
2024-10-15 02:51:52 [[31merror[39m]: [GET] api/mocks/mockingusers Users validation failed: password: Path `password` is required., email: Path `email` is required., last_name: Path `last_name` is required., first_name: Path `first_name` is required.
2024-10-15 02:53:01 [[31merror[39m]: [GET] api/mocks/mockingusers Users validation failed: password: Path `password` is required., email: Path `email` is required., last_name: Path `last_name` is required., first_name: Path `first_name` is required.
2024-10-15 03:10:33 [[31merror[39m]: [GET] api/mocks/mockingusers Users validation failed: password: Path `password` is required., email: Path `email` is required., last_name: Path `last_name` is required., first_name: Path `first_name` is required.
2024-10-15 21:00:46 [[31merror[39m]: undefined Pets validation failed: birthDate: Cast to date failed for value "22/03/2005" (type string) at path "birthDate"
2024-10-15 21:07:08 [[31merror[39m]: undefined Cannot read properties of undefined (reading 'filename')
2024-10-15 21:08:12 [[31merror[39m]: undefined Cannot read properties of undefined (reading 'filename')
2024-10-15 21:08:54 [[31merror[39m]: undefined Unexpected token '}', ..."image": 
}" is not valid JSON
2024-10-15 21:09:38 [[31merror[39m]: undefined Bad escaped character in JSON at position 112
2024-10-15 21:14:58 [[31merror[39m]: undefined Cannot read properties of undefined (reading 'filename')
2024-10-15 21:18:11 [[31merror[39m]: undefined petsService is not defined
2024-10-15 21:18:46 [[31merror[39m]: undefined petsService is not defined
2024-10-15 21:19:35 [[31merror[39m]: undefined petsService is not defined
2024-10-15 21:19:43 [[31merror[39m]: undefined petsService is not defined
2024-10-15 21:21:40 [[31merror[39m]: undefined petsService is not defined
2024-10-15 21:38:17 [[31merror[39m]: undefined Nuestro error
2024-10-15 21:38:37 [[31merror[39m]: undefined Nuestro error
2024-10-15 21:39:38 [[31merror[39m]: undefined Nuestro error
2024-10-15 21:58:58 [[31merror[39m]: undefined usersService is not defined
2024-10-15 22:01:37 [[31merror[39m]: undefined userServices is not defined
2024-10-15 22:02:32 [[31merror[39m]: undefined userServices is not defined
2024-10-15 22:03:57 [[31merror[39m]: undefined petsService is not defined
2024-10-15 22:04:23 [[31merror[39m]: undefined Cannot read properties of undefined (reading 'getBy')
2024-10-15 22:04:40 [[31merror[39m]: undefined Cannot read properties of undefined (reading 'getById')
2024-10-15 22:05:55 [[31merror[39m]: undefined Cannot read properties of undefined (reading 'getById')
2024-10-15 22:14:22 [[31merror[39m]: undefined Parameter "filter" to findOne() must be an object, got "670f0a1b9b458ad0650dab09" (type string)
2024-10-15 22:19:11 [[31merror[39m]: _id Cast to ObjectId failed for value "670f0a1b9b458ad0650dab0" (type string) at path "_id" for model "Pets"
2024-10-15 22:19:20 [[31merror[39m]: undefined Pet id [object Object] not found
2024-10-15 22:19:45 [[31merror[39m]: undefined Pet id [object Object] not found
2024-10-15 22:20:06 [[31merror[39m]: undefined _id is not defined
2024-10-15 22:21:46 [[31merror[39m]: undefined Pet id [object Object] not found
2024-10-15 22:23:43 [[31merror[39m]: undefined Parameter "filter" to findOne() must be an object, got "670f13973f6df741b92e6455" (type string)
2024-10-15 22:24:46 [[31merror[39m]: undefined Parameter "filter" to findOne() must be an object, got "670f13973f6df741b92e6455" (type string)
2024-10-15 22:26:54 [[31merror[39m]: undefined customError is not defined
2024-10-15 22:27:48 [[31merror[39m]: undefined Parameter "filter" to findOne() must be an object, got "670f13973f6df741b92e6455" (type string)
2024-10-15 22:28:44 [[31merror[39m]: undefined Parameter "filter" to findOne() must be an object, got ":670f13973f6df741b92e6455" (type string)
2024-10-15 22:28:50 [[31merror[39m]: undefined Parameter "filter" to findOne() must be an object, got "670f13973f6df741b92e6455" (type string)
2024-10-15 22:31:40 [[31merror[39m]: undefined Pet id [object Object] not found
2024-10-15 22:32:53 [[31merror[39m]: _id Cast to ObjectId failed for value "670f0a1b9b458ad0650dab" (type string) at path "_id" for model "Pets"
2024-10-15 22:34:05 [[31merror[39m]: undefined User id 670f0eecaa89714964b4efd2 not found
2024-10-15 22:35:27 [[31merror[39m]: undefined Pet id [object Object] not found
2024-10-15 22:35:42 [[31merror[39m]: undefined User id 670f0eecaa89714964b4efd2 not found
2024-10-15 22:35:50 [[31merror[39m]: undefined Pet id [object Object] not found
2024-10-15 22:39:47 [[31merror[39m]: _id Cast to ObjectId failed for value "{ id: { _id: '670f0a1b9b458ad0650dab02' } }" (type Object) at path "_id" for model "Pets"
2024-10-15 22:40:15 [[31merror[39m]: undefined Pet id [object Object] not found
2024-10-15 22:41:53 [[31merror[39m]: undefined Pet id [object Object] not found
2024-10-15 22:42:12 [[31merror[39m]: undefined Pet id [object Object] not found
2024-10-15 22:45:55 [[31merror[39m]: undefined Pet id 670f0a1b9b458ad0650dab02 not found
2024-10-15 22:46:01 [[31merror[39m]: undefined Pet id 670f0a1b9b458ad0650dab01 not found
2024-10-15 22:48:18 [[31merror[39m]: undefined User with ID 670f0eecaa89714964b4efd2 not found
2024-10-15 22:49:36 [[31merror[39m]: undefined Pet id 670f0a1b9b458ad0650dab01 not found
